openCVLibrary341/build/outputs/logs/manifest-merger-debug-report.txt
-- Merging decision tree log ---
manifest
ADDED from src\main\AndroidManifest.xml:2:1-8:12
INJECTED from src\main\AndroidManifest.xml:2:1-8:12
INJECTED from src\main\AndroidManifest.xml:2:1-8:12
	package
		ADDED from src\main\AndroidManifest.xml:3:5-25
		INJECTED from src\main\AndroidManifest.xml
		INJECTED from src\main\AndroidManifest.xml
	android:versionName
		ADDED from src\main\AndroidManifest.xml:5:5-32
	xmlns:android
		ADDED from src\main\AndroidManifest.xml:2:11-69
	android:versionCode
		ADDED from src\main\AndroidManifest.xml:4:5-31
uses-sdk
ADDED from src\main\AndroidManifest.xml:7:5-17
INJECTED from src\main\AndroidManifest.xml:7:5-17
INJECTED from src\main\AndroidManifest.xml:7:5-17
INJECTED from src\main\AndroidManifest.xml:7:5-17
INJECTED from src\main\AndroidManifest.xml:7:5-17
	android:targetSdkVersion
		INJECTED from src\main\AndroidManifest.xml
		ADDED from src\main\AndroidManifest.xml:7:5-17
		INJECTED from src\main\AndroidManifest.xml
	android:minSdkVersion
		INJECTED from src\main\AndroidManifest.xml
		ADDED from src\main\AndroidManifest.xml:7:5-17
		INJECTED from src\main\AndroidManifest.xml